[11:48:06.098] Global cache location '/Users/samuelbanya/Library/Caches/typescript/4.7', safe file path '/users/samuelbanya/.nvm/versions/node/v16.14.2/lib/node_modules/typescript/lib/typingsafelist.json', types map path /users/samuelbanya/.nvm/versions/node/v16.14.2/lib/node_modules/typescript/lib/typesmap.json
[11:48:06.100] Processing cache location '/Users/samuelbanya/Library/Caches/typescript/4.7'
[11:48:06.100] Trying to find '/Users/samuelbanya/Library/Caches/typescript/4.7/package.json'...
[11:48:06.102] Loaded content of '/Users/samuelbanya/Library/Caches/typescript/4.7/package.json': {"private":true,"dependencies":{"types-registry":"^0.1.599"},"devDependencies":{"@types/aria-query":"^5.0.0","@types/jest":"^28.1.3","@types/mocha":"^9.1.1","@types/node":"^18.0.0","@types/object-assign":"^4.0.30","@types/react":"^18.0.14","@types/react-dom":"^18.0.5","@types/testing-library__jest-dom":"^5.14.5","@types/uuid":"^8.3.4"}}
[11:48:06.103] Loaded content of '/Users/samuelbanya/Library/Caches/typescript/4.7/package-lock.json'
[11:48:06.115] Adding entry into typings cache: 'aria-query' => '/Users/samuelbanya/Library/Caches/typescript/4.7/node_modules/@types/aria-query/index.d.ts'
[11:48:06.122] Adding entry into typings cache: 'jest' => '/Users/samuelbanya/Library/Caches/typescript/4.7/node_modules/@types/jest/index.d.ts'
[11:48:06.125] Adding entry into typings cache: 'mocha' => '/Users/samuelbanya/Library/Caches/typescript/4.7/node_modules/@types/mocha/index.d.ts'
[11:48:06.132] Adding entry into typings cache: 'node' => '/Users/samuelbanya/Library/Caches/typescript/4.7/node_modules/@types/node/index.d.ts'
[11:48:06.134] Adding entry into typings cache: 'object-assign' => '/Users/samuelbanya/Library/Caches/typescript/4.7/node_modules/@types/object-assign/index.d.ts'
[11:48:06.139] Adding entry into typings cache: 'react' => '/Users/samuelbanya/Library/Caches/typescript/4.7/node_modules/@types/react/index.d.ts'
[11:48:06.141] Adding entry into typings cache: 'react-dom' => '/Users/samuelbanya/Library/Caches/typescript/4.7/node_modules/@types/react-dom/index.d.ts'
[11:48:06.143] Adding entry into typings cache: 'testing-library__jest-dom' => '/Users/samuelbanya/Library/Caches/typescript/4.7/node_modules/@types/testing-library__jest-dom/index.d.ts'
[11:48:06.146] Adding entry into typings cache: 'uuid' => '/Users/samuelbanya/Library/Caches/typescript/4.7/node_modules/@types/uuid/index.d.ts'
[11:48:06.146] Finished processing cache location '/Users/samuelbanya/Library/Caches/typescript/4.7'
[11:48:06.146] Process id: 11460
[11:48:06.146] NPM location: /Users/samuelbanya/.nvm/versions/node/v16.14.2/bin/npm (explicit '--npmLocation' not  provided)
[11:48:06.147] validateDefaultNpmLocation: false
[11:48:06.147] Npm config file: /Users/samuelbanya/Library/Caches/typescript/4.7/package.json
[11:48:06.147] Updating types-registry npm package...
[11:48:06.147] Exec: /Users/samuelbanya/.nvm/versions/node/v16.14.2/bin/npm install --ignore-scripts types-registry@latest
[11:48:07.183]     Succeeded. stdout:
    
    up to date, audited 30 packages in 673ms

3 packages are looking for funding
  run `npm fund` for details

found 0 vulnerabilities

[11:48:07.184] Updated types-registry npm package
[11:48:08.245] Got install request {"projectName":"/dev/null/inferredProject1*","fileNames":["/Users/samuelbanya/.nvm/versions/node/v16.14.2/lib/node_modules/typescript/lib/lib.es5.d.ts","/Users/samuelbanya/.nvm/versions/node/v16.14.2/lib/node_modules/typescript/lib/lib.es2015.d.ts","/Users/samuelbanya/.nvm/versions/node/v16.14.2/lib/node_modules/typescript/lib/lib.es2016.d.ts","/Users/samuelbanya/.nvm/versions/node/v16.14.2/lib/node_modules/typescript/lib/lib.dom.d.ts","/Users/samuelbanya/.nvm/versions/node/v16.14.2/lib/node_modules/typescript/lib/lib.dom.iterable.d.ts","/Users/samuelbanya/.nvm/versions/node/v16.14.2/lib/node_modules/typescript/lib/lib.webworker.importscripts.d.ts","/Users/samuelbanya/.nvm/versions/node/v16.14.2/lib/node_modules/typescript/lib/lib.scripthost.d.ts","/Users/samuelbanya/.nvm/versions/node/v16.14.2/lib/node_modules/typescript/lib/lib.es2015.core.d.ts","/Users/samuelbanya/.nvm/versions/node/v16.14.2/lib/node_modules/typescript/lib/lib.es2015.collection.d.ts","/Users/samuelbanya/.nvm/versions/node/v16.14.2/lib/node_modules/typescript/lib/lib.es2015.generator.d.ts","/Users/samuelbanya/.nvm/versions/node/v16.14.2/lib/node_modules/typescript/lib/lib.es2015.iterable.d.ts","/Users/samuelbanya/.nvm/versions/node/v16.14.2/lib/node_modules/typescript/lib/lib.es2015.promise.d.ts","/Users/samuelbanya/.nvm/versions/node/v16.14.2/lib/node_modules/typescript/lib/lib.es2015.proxy.d.ts","/Users/samuelbanya/.nvm/versions/node/v16.14.2/lib/node_modules/typescript/lib/lib.es2015.reflect.d.ts","/Users/samuelbanya/.nvm/versions/node/v16.14.2/lib/node_modules/typescript/lib/lib.es2015.symbol.d.ts","/Users/samuelbanya/.nvm/versions/node/v16.14.2/lib/node_modules/typescript/lib/lib.es2015.symbol.wellknown.d.ts","/Users/samuelbanya/.nvm/versions/node/v16.14.2/lib/node_modules/typescript/lib/lib.es2016.array.include.d.ts","/Users/samuelbanya/.nvm/versions/node/v16.14.2/lib/node_modules/typescript/lib/lib.es2016.full.d.ts","/Users/samuelbanya/hub/Development/code/phase-2/react-hooks-hogwild/src/components/Nav.js","/Users/samuelbanya/hub/Development/code/phase-2/react-hooks-hogwild/src/porkers_data.js","/Users/samuelbanya/hub/Development/code/phase-2/react-hooks-hogwild/src/components/Tile.js","/Users/samuelbanya/hub/Development/code/phase-2/react-hooks-hogwild/src/components/App.js"],"compilerOptions":{"module":1,"target":3,"jsx":1,"allowJs":true,"allowSyntheticDefaultImports":true,"allowNonTsExtensions":true,"noEmitForJsFiles":true,"maxNodeModuleJsDepth":2},"typeAcquisition":{"enable":true,"include":[],"exclude":[]},"unresolvedImports":[],"projectRootPath":"/Users/samuelbanya/hub/Development/code/phase-2/react-hooks-hogwild/src/components","kind":"discover"}
[11:48:08.253] Loaded safelist from types map file '/users/samuelbanya/.nvm/versions/node/v16.14.2/lib/node_modules/typescript/lib/typesmap.json'
[11:48:08.254] Explicitly included types: []
[11:48:08.254] Inferred typings from unresolved imports: []
[11:48:08.255] Result: {"cachedTypingPaths":[],"newTypingNames":[],"filesToWatch":["/Users/samuelbanya/hub/Development/code/phase-2/react-hooks-hogwild/src/components/bower_components","/Users/samuelbanya/hub/Development/code/phase-2/react-hooks-hogwild/src/components/node_modules","/Users/samuelbanya/hub/Development/code/phase-2/react-hooks-hogwild/src/bower_components","/Users/samuelbanya/hub/Development/code/phase-2/react-hooks-hogwild/src/node_modules"]}
[11:48:08.255] Finished typings discovery: {"cachedTypingPaths":[],"newTypingNames":[],"filesToWatch":["/Users/samuelbanya/hub/Development/code/phase-2/react-hooks-hogwild/src/components/bower_components","/Users/samuelbanya/hub/Development/code/phase-2/react-hooks-hogwild/src/components/node_modules","/Users/samuelbanya/hub/Development/code/phase-2/react-hooks-hogwild/src/bower_components","/Users/samuelbanya/hub/Development/code/phase-2/react-hooks-hogwild/src/node_modules"]}
[11:48:08.255] DirectoryWatcher:: Added:: WatchInfo: /Users/samuelbanya/hub/Development/code/phase-2/react-hooks-hogwild/src/components/bower_components
[11:48:08.256] DirectoryWatcher:: Added:: WatchInfo: /Users/samuelbanya/hub/Development/code/phase-2/react-hooks-hogwild/src/components/bower_components 1 undefined Project: /dev/null/inferredProject1* watcher already invoked: false
[11:48:08.257] Elapsed:: 0.7695160005241632ms DirectoryWatcher:: Added:: WatchInfo: /Users/samuelbanya/hub/Development/code/phase-2/react-hooks-hogwild/src/components/bower_components 1 undefined Project: /dev/null/inferredProject1* watcher already invoked: false
[11:48:08.257] DirectoryWatcher:: Added:: WatchInfo: /Users/samuelbanya/hub/Development/code/phase-2/react-hooks-hogwild/src/components/node_modules
[11:48:08.257] DirectoryWatcher:: Added:: WatchInfo: /Users/samuelbanya/hub/Development/code/phase-2/react-hooks-hogwild/src/components/node_modules 1 undefined Project: /dev/null/inferredProject1* watcher already invoked: false
[11:48:08.257] Elapsed:: 0.08388499915599823ms DirectoryWatcher:: Added:: WatchInfo: /Users/samuelbanya/hub/Development/code/phase-2/react-hooks-hogwild/src/components/node_modules 1 undefined Project: /dev/null/inferredProject1* watcher already invoked: false
[11:48:08.258] DirectoryWatcher:: Added:: WatchInfo: /Users/samuelbanya/hub/Development/code/phase-2/react-hooks-hogwild/src/bower_components
[11:48:08.258] DirectoryWatcher:: Added:: WatchInfo: /Users/samuelbanya/hub/Development/code/phase-2/react-hooks-hogwild/src/bower_components 1 undefined Project: /dev/null/inferredProject1* watcher already invoked: false
[11:48:08.258] Elapsed:: 0.06369699910283089ms DirectoryWatcher:: Added:: WatchInfo: /Users/samuelbanya/hub/Development/code/phase-2/react-hooks-hogwild/src/bower_components 1 undefined Project: /dev/null/inferredProject1* watcher already invoked: false
[11:48:08.258] DirectoryWatcher:: Added:: WatchInfo: /Users/samuelbanya/hub/Development/code/phase-2/react-hooks-hogwild/src/node_modules
[11:48:08.258] DirectoryWatcher:: Added:: WatchInfo: /Users/samuelbanya/hub/Development/code/phase-2/react-hooks-hogwild/src/node_modules 1 undefined Project: /dev/null/inferredProject1* watcher already invoked: false
[11:48:08.258] Elapsed:: 0.08266200125217438ms DirectoryWatcher:: Added:: WatchInfo: /Users/samuelbanya/hub/Development/code/phase-2/react-hooks-hogwild/src/node_modules 1 undefined Project: /dev/null/inferredProject1* watcher already invoked: false
[11:48:08.259] Sending response:
    {"projectName":"/dev/null/inferredProject1*","typeAcquisition":{"enable":true,"include":[],"exclude":[]},"compilerOptions":{"module":1,"target":3,"jsx":1,"allowJs":true,"allowSyntheticDefaultImports":true,"allowNonTsExtensions":true,"noEmitForJsFiles":true,"maxNodeModuleJsDepth":2},"typings":[],"unresolvedImports":[],"kind":"action::set"}
[11:48:08.259] Response has been sent.
[11:48:08.259] No new typings were requested as a result of typings discovery
